2025-07-05 12:55:14,398 - discord.client - WARNING - PyNaCl is not installed, voice will NOT be supported
2025-07-05 12:55:14,401 - discord.client - INFO - logging in using static token
2025-07-05 12:55:15,388 - discord.gateway - INFO - Shard ID None has connected to Gateway (Session ID: 7b6fc1ccc1c10e38c76900692dd61a67).
2025-07-05 12:55:17,400 - root - INFO - ¡ÓÚ Alice#2140 Á‡ÔÛ˘ÂÌ! —Â‚ÂÓ‚: 1
2025-07-05 12:55:37,118 - discord.ext.commands.bot - ERROR - Ignoring exception in command None
discord.ext.commands.errors.CommandNotFound: Command "events" is not found
2025-07-05 13:00:03,905 - discord.client - WARNING - PyNaCl is not installed, voice will NOT be supported
2025-07-05 13:00:03,907 - discord.client - INFO - logging in using static token
2025-07-05 13:00:05,156 - discord.gateway - INFO - Shard ID None has connected to Gateway (Session ID: df97cf9c028256b298098bf43d11d48f).
2025-07-05 13:00:07,169 - root - INFO - ¡ÓÚ Alice#2140 Á‡ÔÛ˘ÂÌ! —Â‚ÂÓ‚: 1
2025-07-05 13:10:26,369 - discord.client - WARNING - PyNaCl is not installed, voice will NOT be supported
2025-07-05 13:10:26,370 - discord.client - INFO - logging in using static token
2025-07-05 13:10:27,395 - discord.gateway - INFO - Shard ID None has connected to Gateway (Session ID: bda10ab8ab8c66700c7f4ff44c5fff2c).
2025-07-05 13:22:14,964 - discord.client - WARNING - PyNaCl is not installed, voice will NOT be supported
2025-07-05 13:22:14,965 - discord.client - INFO - logging in using static token
2025-07-05 13:22:15,952 - discord.gateway - INFO - Shard ID None has connected to Gateway (Session ID: f1114853d3cd8d712612ce1f706ff338).
[2025-07-05 13:22:17] –ë–æ—Ç Alice#2140 –∑–∞–ø—É—â–µ–Ω! –°–µ—Ä–≤–µ—Ä–æ–≤: 1
[2025-07-05 13:22:28] –ü–æ–∫–∞–∑–∞–Ω–æ —Ä–∞—Å–ø–∏—Å–∞–Ω–∏–µ –¥–ª—è saturday
[2025-07-05 13:23:00] –ü–æ–∫–∞–∑–∞–Ω–æ —Ä–∞—Å–ø–∏—Å–∞–Ω–∏–µ –¥–ª—è Moonday
2025-07-05 17:53:03,466 - discord.client - WARNING - PyNaCl is not installed, voice will NOT be supported
2025-07-05 17:53:03,468 - discord.client - INFO - logging in using static token
2025-07-05 17:53:04,617 - discord.gateway - INFO - Shard ID None has connected to Gateway (Session ID: 181e9ab163bc9cef2535465f5f9003d0).
[2025-07-05 17:53:06] –ë–æ—Ç Alice#2140 –∑–∞–ø—É—â–µ–Ω! –°–µ—Ä–≤–µ—Ä–æ–≤: 1
2025-07-05 17:56:39,988 - discord.client - WARNING - PyNaCl is not installed, voice will NOT be supported
2025-07-05 17:56:39,989 - discord.client - INFO - logging in using static token
2025-07-05 17:56:40,965 - discord.gateway - INFO - Shard ID None has connected to Gateway (Session ID: 8bae02ac43f9167cfe187aeb5e73a055).
[2025-07-05 17:56:42] –ë–æ—Ç Alice#2140 –∑–∞–ø—É—â–µ–Ω! –°–µ—Ä–≤–µ—Ä–æ–≤: 1
[2025-07-05 17:57:09] –ü–æ–∫–∞–∑–∞–Ω–æ —Ä–∞—Å–ø–∏—Å–∞–Ω–∏–µ –¥–ª—è monday
[2025-07-05 17:58:20] –ü–æ–∫–∞–∑–∞–Ω–æ —Ä–∞—Å–ø–∏—Å–∞–Ω–∏–µ –¥–ª—è thursday
2025-07-05 18:04:43,027 - discord.client - WARNING - PyNaCl is not installed, voice will NOT be supported
2025-07-05 18:04:43,028 - discord.client - INFO - logging in using static token
2025-07-05 18:04:43,931 - discord.gateway - INFO - Shard ID None has connected to Gateway (Session ID: 14fb4013f98ccee53315f3098b6260cb).
[2025-07-05 18:04:45] –ë–æ—Ç Alice#2140 –∑–∞–ø—É—â–µ–Ω! –°–µ—Ä–≤–µ—Ä–æ–≤: 1
2025-07-05 18:50:20,808 - discord.client - WARNING - PyNaCl is not installed, voice will NOT be supported
2025-07-05 18:50:20,809 - discord.client - INFO - logging in using static token
2025-07-05 18:50:21,720 - discord.gateway - INFO - Shard ID None has connected to Gateway (Session ID: ebb004485b8f9d40c5e6e64d7f3b1c51).
[2025-07-05 18:50:23] –ë–æ—Ç Alice#2140 –∑–∞–ø—É—â–µ–Ω! –°–µ—Ä–≤–µ—Ä–æ–≤: 1
[2025-07-05 18:51:19] –ü–æ–∫–∞–∑–∞–Ω–æ —Ä–∞—Å–ø–∏—Å–∞–Ω–∏–µ –¥–ª—è tuesday
[2025-07-05 20:02:23] –ü–æ–∫–∞–∑–∞–Ω–æ —Ä–∞—Å–ø–∏—Å–∞–Ω–∏–µ –¥–ª—è saturday
2025-07-06 09:13:10,876 - root - CRITICAL - –¢–æ–∫–µ–Ω –Ω–µ –Ω–∞–π–¥–µ–Ω –≤ .env —Ñ–∞–π–ª–µ!
2025-07-06 09:32:14,470 - root - CRITICAL - –§–∞–π–ª .env –Ω–µ –Ω–∞–π–¥–µ–Ω!
2025-07-06 09:40:50,599 - discord.client - WARNING - PyNaCl is not installed, voice will NOT be supported
2025-07-06 09:40:50,604 - discord.client - INFO - logging in using static token
2025-07-06 09:40:51,707 - discord.gateway - INFO - Shard ID None has connected to Gateway (Session ID: a6e5e1ec1d7b67822e09e13d2dccb6be).
2025-07-06 09:40:53,710 - root - INFO - –ë–æ—Ç Alice#2140 –∑–∞–ø—É—â–µ–Ω! –°–µ—Ä–≤–µ—Ä–æ–≤: 1
2025-07-06 10:00:11,638 - discord.client - WARNING - PyNaCl is not installed, voice will NOT be supported
2025-07-06 10:00:11,640 - discord.client - INFO - logging in using static token
2025-07-06 10:00:12,709 - discord.gateway - INFO - Shard ID None has connected to Gateway (Session ID: 2cd40602650910b46c2c5d8066323c06).
2025-07-06 10:00:14,752 - root - INFO - –ë–æ—Ç Alice#2140 –∑–∞–ø—É—â–µ–Ω!
2025-07-06 10:01:10,031 - discord.ext.commands.bot - ERROR - Ignoring exception in command None
discord.ext.commands.errors.CommandNotFound: Command "events" is not found
2025-07-06 10:01:21,835 - discord.ext.commands.bot - ERROR - Ignoring exception in command None
discord.ext.commands.errors.CommandNotFound: Command "events" is not found
2025-07-06 10:06:10,408 - discord.client - WARNING - PyNaCl is not installed, voice will NOT be supported
2025-07-06 10:06:10,409 - discord.client - INFO - logging in using static token
2025-07-06 10:06:11,358 - discord.gateway - INFO - Shard ID None has connected to Gateway (Session ID: 49ae162c70bda52fbaf52f0e29f4ec32).
2025-07-06 10:06:13,358 - root - INFO - –ë–æ—Ç Alice#2140 –∑–∞–ø—É—â–µ–Ω!
2025-07-06 10:07:13,353 - discord.ext.commands.bot - ERROR - Ignoring exception in command None
discord.ext.commands.errors.CommandNotFound: Command "debugtime" is not found
2025-07-06 10:17:56,706 - discord.client - WARNING - PyNaCl is not installed, voice will NOT be supported
2025-07-06 10:17:56,707 - discord.client - INFO - logging in using static token
2025-07-06 10:17:57,841 - discord.gateway - INFO - Shard ID None has connected to Gateway (Session ID: edb569f006384b3f1d87d666f83bb634).
2025-07-06 10:17:59,852 - root - INFO - –ë–æ—Ç Alice#2140 –∑–∞–ø—É—â–µ–Ω!
2025-07-06 10:17:59,866 - root - ERROR - –û—à–∏–±–∫–∞ –≤ check_events: 'REMIND_BEFORE_MINUTES'
2025-07-06 10:18:29,866 - root - ERROR - –û—à–∏–±–∫–∞ –≤ check_events: 'REMIND_BEFORE_MINUTES'
2025-07-06 10:18:59,866 - root - ERROR - –û—à–∏–±–∫–∞ –≤ check_events: 'REMIND_BEFORE_MINUTES'
2025-07-06 10:19:29,847 - root - ERROR - –û—à–∏–±–∫–∞ –≤ check_events: 'REMIND_BEFORE_MINUTES'
2025-07-06 10:19:59,866 - root - ERROR - –û—à–∏–±–∫–∞ –≤ check_events: 'REMIND_BEFORE_MINUTES'
2025-07-06 10:20:29,866 - root - ERROR - –û—à–∏–±–∫–∞ –≤ check_events: 'REMIND_BEFORE_MINUTES'
2025-07-06 10:20:59,864 - root - ERROR - –û—à–∏–±–∫–∞ –≤ check_events: 'REMIND_BEFORE_MINUTES'
2025-07-06 10:21:29,863 - root - ERROR - –û—à–∏–±–∫–∞ –≤ check_events: 'REMIND_BEFORE_MINUTES'
2025-07-06 10:21:59,855 - root - ERROR - –û—à–∏–±–∫–∞ –≤ check_events: 'REMIND_BEFORE_MINUTES'
2025-07-06 10:22:29,845 - root - ERROR - –û—à–∏–±–∫–∞ –≤ check_events: 'REMIND_BEFORE_MINUTES'
2025-07-06 10:22:59,867 - root - ERROR - –û—à–∏–±–∫–∞ –≤ check_events: 'REMIND_BEFORE_MINUTES'
2025-07-06 10:23:29,862 - root - ERROR - –û—à–∏–±–∫–∞ –≤ check_events: 'REMIND_BEFORE_MINUTES'
2025-07-06 10:23:59,856 - root - ERROR - –û—à–∏–±–∫–∞ –≤ check_events: 'REMIND_BEFORE_MINUTES'
2025-07-06 10:24:29,034 - discord.client - WARNING - PyNaCl is not installed, voice will NOT be supported
2025-07-06 10:24:29,035 - discord.client - INFO - logging in using static token
2025-07-06 10:24:30,014 - discord.gateway - INFO - Shard ID None has connected to Gateway (Session ID: 0e9e19ed52491d1beb05a9a5be418147).
2025-07-06 10:24:32,019 - root - INFO - –ë–æ—Ç Alice#2140 –∑–∞–ø—É—â–µ–Ω! –°–µ—Ä–≤–µ—Ä–æ–≤: 1
2025-07-06 10:24:32,023 - root - ERROR - –û—à–∏–±–∫–∞ –≤ check_events: 'REMIND_BEFORE_MINUTES'
2025-07-06 10:25:02,027 - root - ERROR - –û—à–∏–±–∫–∞ –≤ check_events: 'REMIND_BEFORE_MINUTES'
2025-07-06 10:25:32,025 - root - ERROR - –û—à–∏–±–∫–∞ –≤ check_events: 'REMIND_BEFORE_MINUTES'
2025-07-06 10:26:02,021 - root - ERROR - –û—à–∏–±–∫–∞ –≤ check_events: 'REMIND_BEFORE_MINUTES'
2025-07-06 10:26:32,030 - root - ERROR - –û—à–∏–±–∫–∞ –≤ check_events: 'REMIND_BEFORE_MINUTES'
2025-07-06 10:27:02,037 - root - ERROR - –û—à–∏–±–∫–∞ –≤ check_events: 'REMIND_BEFORE_MINUTES'
2025-07-06 10:27:32,016 - root - ERROR - –û—à–∏–±–∫–∞ –≤ check_events: 'REMIND_BEFORE_MINUTES'
2025-07-06 10:28:02,025 - root - ERROR - –û—à–∏–±–∫–∞ –≤ check_events: 'REMIND_BEFORE_MINUTES'
2025-07-06 10:28:35,323 - discord.client - WARNING - PyNaCl is not installed, voice will NOT be supported
2025-07-06 10:30:23,899 - discord.client - WARNING - PyNaCl is not installed, voice will NOT be supported
2025-07-06 10:32:30,190 - discord.client - WARNING - PyNaCl is not installed, voice will NOT be supported
2025-07-06 10:36:29,582 - root - INFO - –ö–æ–Ω—Ñ–∏–≥ config.json –∑–∞–≥—Ä—É–∂–µ–Ω
2025-07-06 10:36:29,582 - discord.client - WARNING - PyNaCl is not installed, voice will NOT be supported
2025-07-06 10:36:29,584 - discord.client - INFO - logging in using static token
2025-07-06 10:36:30,641 - discord.gateway - INFO - Shard ID None has connected to Gateway (Session ID: be6600ec67865d325aa4c03aaf8747df).
2025-07-06 10:36:32,666 - root - INFO - –ë–æ—Ç –∑–∞–ø—É—â–µ–Ω —Å —Å—Ç–∞—Ç—É—Å–æ–º '–°–º–æ—Ç—Ä–∏—Ç –∑–∞ –•–∞–æ—Å–æ–º'
2025-07-06 10:40:53,231 - root - INFO - –ö–æ–Ω—Ñ–∏–≥ config.json –∑–∞–≥—Ä—É–∂–µ–Ω
2025-07-06 10:40:53,231 - discord.client - WARNING - PyNaCl is not installed, voice will NOT be supported
2025-07-06 10:40:53,235 - discord.client - INFO - logging in using static token
2025-07-06 10:40:54,192 - discord.gateway - INFO - Shard ID None has connected to Gateway (Session ID: e3c8d07ca4026ec35e404765e22b0f8f).
2025-07-06 10:40:56,223 - root - INFO - –ë–æ—Ç –∑–∞–ø—É—â–µ–Ω —Å —Å—Ç–∞—Ç—É—Å–æ–º '–°–º–æ—Ç—Ä–∏—Ç –∑–∞ –•–∞–æ—Å–æ–º'
